<?xml version="1.0" encoding="UTF-8"?>
<!-- Generated by org.testng.reporters.JUnitXMLReporter -->
<testsuite hostname="Vaibhavs-MacBook-Pro.local" name="Play" tests="3" failures="0" timestamp="29 Apr 2016 05:30:51 GMT" time="42.47" errors="0">
  <testcase name="playGeneral" time="3.333" classname="com.spotify.test.login.PlayTest"/>
  <testcase name="playSong" time="10.679" classname="com.spotify.test.login.PlayTest"/>
  <testcase name="playAlbum" time="5.757" classname="com.spotify.test.login.PlayTest"/>
</testsuite> <!-- Play -->
