<?xml version="1.0" encoding="UTF-8"?>
<!-- Generated by org.testng.reporters.JUnitXMLReporter -->
<testsuite hostname="Vaibhavs-MacBook-Pro.local" name="Default test" tests="8" failures="0" timestamp="26 Apr 2016 20:32:11 GMT" time="95.042" errors="0">
  <testcase name="invalidUserTest1" time="6.126" classname="com.spotify.test.login.LoginTest"/>
  <testcase name="invalidUserTest1" time="7.022" classname="com.spotify.test.login.LoginTest"/>
  <testcase name="invalidUserTest1" time="6.558" classname="com.spotify.test.login.LoginTest"/>
  <testcase name="validUserTestWithRememberMe" time="8.075" classname="com.spotify.test.login.LoginTest"/>
  <testcase name="checkRememberMe" time="9.133" classname="com.spotify.test.login.LoginTest"/>
  <testcase name="validUserTestWithoutRememberMe" time="10.089" classname="com.spotify.test.login.LoginTest"/>
  <testcase name="checkWithoutRememberMe" time="16.374" classname="com.spotify.test.login.LoginTest"/>
  <testcase name="facebookUserTest" time="12.814" classname="com.spotify.test.login.LoginTest"/>
</testsuite> <!-- Default test -->
