<?xml version="1.0" encoding="UTF-8"?>
<!-- Generated by org.testng.reporters.JUnitXMLReporter -->
<testsuite hostname="Vaibhavs-MacBook-Pro.local" name="AddSong" tests="2" failures="0" timestamp="29 Apr 2016 05:31:11 GMT" time="20.137" errors="0">
  <testcase name="@BeforeClass beforeClass" time="0.0" classname="com.spotify.test.login.AddtoMySongsTest">
    <failure type="java.lang.AssertionError" message="expected [true] but found [false]">
      <![CDATA[java.lang.AssertionError: expected [true] but found [false]
	at com.spotify.test.login.AddtoMySongsTest.beforeClass(AddtoMySongsTest.java:39)
... Removed 29 stack frames]]>
    </failure>
  </testcase> <!-- @BeforeClass beforeClass -->
  <testcase name="@AfterClass afterClass" time="0.0" classname="com.spotify.test.login.AddtoMySongsTest">
    <skipped/>
  </testcase> <!-- @AfterClass afterClass -->
  <testcase name="addToMySongs" time="0.001" classname="com.spotify.test.login.AddtoMySongsTest">
    <skipped/>
  </testcase> <!-- addToMySongs -->
  <testcase name="removeFromMySongs" time="0.001" classname="com.spotify.test.login.AddtoMySongsTest">
    <skipped/>
  </testcase> <!-- removeFromMySongs -->
</testsuite> <!-- AddSong -->
