<?xml version="1.0" encoding="UTF-8"?>
<!-- Generated by org.testng.reporters.JUnitXMLReporter -->
<testsuite hostname="Vaibhavs-MacBook-Pro.local" name="Search" tests="8" failures="0" timestamp="5 Jun 2016 21:28:13 GMT" time="20.187" errors="0">
  <testcase name="@BeforeClass beforeClass" time="0.0" classname="com.spotify.test.login.SearchTest">
    <failure type="java.lang.AssertionError" message="expected [true] but found [false]">
      <![CDATA[java.lang.AssertionError: expected [true] but found [false]
	at com.spotify.test.login.SearchTest.beforeClass(SearchTest.java:30)
... Removed 29 stack frames]]>
    </failure>
  </testcase> <!-- @BeforeClass beforeClass -->
  <testcase name="@AfterClass afterClass" time="0.0" classname="com.spotify.test.login.SearchTest">
    <skipped/>
  </testcase> <!-- @AfterClass afterClass -->
  <testcase name="searchArtistSuggestionTest" time="0.001" classname="com.spotify.test.login.SearchTest">
    <skipped/>
  </testcase> <!-- searchArtistSuggestionTest -->
  <testcase name="searchArtistSearchResultsTest" time="0.002" classname="com.spotify.test.login.SearchTest">
    <skipped/>
  </testcase> <!-- searchArtistSearchResultsTest -->
  <testcase name="searchRecentTest" time="0.001" classname="com.spotify.test.login.SearchTest">
    <skipped/>
  </testcase> <!-- searchRecentTest -->
  <testcase name="searchResultsWithEnterKeyTest" time="0.001" classname="com.spotify.test.login.SearchTest">
    <skipped/>
  </testcase> <!-- searchResultsWithEnterKeyTest -->
  <testcase name="invalidSearchTest" time="0.001" classname="com.spotify.test.login.SearchTest">
    <skipped/>
  </testcase> <!-- invalidSearchTest -->
  <testcase name="searchCharTest" time="0.0" classname="com.spotify.test.login.SearchTest">
    <skipped/>
  </testcase> <!-- searchCharTest -->
  <testcase name="searchSongSuggestTest" time="0.0" classname="com.spotify.test.login.SearchTest">
    <skipped/>
  </testcase> <!-- searchSongSuggestTest -->
  <testcase name="searchSongTest" time="0.001" classname="com.spotify.test.login.SearchTest">
    <skipped/>
  </testcase> <!-- searchSongTest -->
</testsuite> <!-- Search -->
